<?xml version="1.0" encoding="UTF-8"?>
<testsuite name="uTest user creation" tests="1" skipped="0" failures="1" errors="0" timestamp="2022-09-02T04:52:44" hostname="DESKTOP-BAEN53T" time="387.708">
  <properties/>
  <testcase name="Register a new user in uTest" classname="uTest user creation" time="387.708">
    <failure message="cucumber.runtime.CucumberException: Arity mismatch: Step Definition 'co.com.utest.automation.stepdefinitions.utestStepDefinitions.sheFinishesByClickingRegister() in file:/C:/Users/USUARIO/Desktop/Reto%20Técnico%20de%20Automatización/co.com.utest.automation/build/classes/java/test/' with pattern [^she finishes by clicking register(.*)$] is declared with 0 parameters. However, the gherkin step has 1 arguments []. &#10;Step text: she finishes by clicking register" type="cucumber.runtime.CucumberException">cucumber.runtime.CucumberException: Arity mismatch: Step Definition 'co.com.utest.automation.stepdefinitions.utestStepDefinitions.sheFinishesByClickingRegister() in file:/C:/Users/USUARIO/Desktop/Reto%20Técnico%20de%20Automatización/co.com.utest.automation/build/classes/java/test/' with pattern [^she finishes by clicking register(.*)$] is declared with 0 parameters. However, the gherkin step has 1 arguments []. 
Step text: she finishes by clicking register
	at cucumber.runtime.StepDefinitionMatch.arityMismatch(StepDefinitionMatch.java:111)
	at cucumber.runtime.StepDefinitionMatch.transformedArgs(StepDefinitionMatch.java:66)
	at cucumber.runtime.StepDefinitionMatch.runStep(StepDefinitionMatch.java:40)
	at cucumber.api.TestStep.executeStep(TestStep.java:102)
	at cucumber.api.TestStep.run(TestStep.java:83)
	at cucumber.api.TestCase.run(TestCase.java:58)
	at cucumber.runner.Runner.runPickle(Runner.java:80)
	at cucumber.runtime.junit.PickleRunners$NoStepDescriptions.run(PickleRunners.java:140)
	at cucumber.runtime.junit.FeatureRunner.runChild(FeatureRunner.java:68)
	at cucumber.runtime.junit.FeatureRunner.runChild(FeatureRunner.java:23)
	at org.junit.runners.ParentRunner$3.run(ParentRunner.java:290)
	at org.junit.runners.ParentRunner$1.schedule(ParentRunner.java:71)
	at org.junit.runners.ParentRunner.runChildren(ParentRunner.java:288)
	at org.junit.runners.ParentRunner.access$000(ParentRunner.java:58)
	at org.junit.runners.ParentRunner$2.evaluate(ParentRunner.java:268)
	at org.junit.runners.ParentRunner.run(ParentRunner.java:363)
	at cucumber.runtime.junit.FeatureRunner.run(FeatureRunner.java:73)
	at cucumber.api.junit.Cucumber.runChild(Cucumber.java:118)
	at cucumber.api.junit.Cucumber.runChild(Cucumber.java:56)
	at org.junit.runners.ParentRunner$3.run(ParentRunner.java:290)
	at org.junit.runners.ParentRunner$1.schedule(ParentRunner.java:71)
	at org.junit.runners.ParentRunner.runChildren(ParentRunner.java:288)
	at org.junit.runners.ParentRunner.access$000(ParentRunner.java:58)
	at org.junit.runners.ParentRunner$2.evaluate(ParentRunner.java:268)
	at cucumber.api.junit.Cucumber$1.evaluate(Cucumber.java:127)
	at org.junit.runners.ParentRunner.run(ParentRunner.java:363)
	at org.gradle.api.internal.tasks.testing.junit.JUnitTestClassExecutor.runTestClass(JUnitTestClassExecutor.java:110)
	at org.gradle.api.internal.tasks.testing.junit.JUnitTestClassExecutor.execute(JUnitTestClassExecutor.java:58)
	at org.gradle.api.internal.tasks.testing.junit.JUnitTestClassExecutor.execute(JUnitTestClassExecutor.java:38)
	at org.gradle.api.internal.tasks.testing.junit.AbstractJUnitTestClassProcessor.processTestClass(AbstractJUnitTestClassProcessor.java:62)
	at org.gradle.api.internal.tasks.testing.SuiteTestClassProcessor.processTestClass(SuiteTestClassProcessor.java:51)
	at sun.reflect.NativeMethodAccessorImpl.invoke0(Native Method)
	at sun.reflect.NativeMethodAccessorImpl.invoke(NativeMethodAccessorImpl.java:62)
	at sun.reflect.DelegatingMethodAccessorImpl.invoke(DelegatingMethodAccessorImpl.java:43)
	at java.lang.reflect.Method.invoke(Method.java:498)
	at org.gradle.internal.dispatch.ReflectionDispatch.dispatch(ReflectionDispatch.java:36)
	at org.gradle.internal.dispatch.ReflectionDispatch.dispatch(ReflectionDispatch.java:24)
	at org.gradle.internal.dispatch.ContextClassLoaderDispatch.dispatch(ContextClassLoaderDispatch.java:33)
	at org.gradle.internal.dispatch.ProxyDispatchAdapter$DispatchingInvocationHandler.invoke(ProxyDispatchAdapter.java:94)
	at com.sun.proxy.$Proxy2.processTestClass(Unknown Source)
	at org.gradle.api.internal.tasks.testing.worker.TestWorker$2.run(TestWorker.java:176)
	at org.gradle.api.internal.tasks.testing.worker.TestWorker.executeAndMaintainThreadName(TestWorker.java:129)
	at org.gradle.api.internal.tasks.testing.worker.TestWorker.execute(TestWorker.java:100)
	at org.gradle.api.internal.tasks.testing.worker.TestWorker.execute(TestWorker.java:60)
	at org.gradle.process.internal.worker.child.ActionExecutionWorker.execute(ActionExecutionWorker.java:56)
	at org.gradle.process.internal.worker.child.SystemApplicationClassLoaderWorker.call(SystemApplicationClassLoaderWorker.java:133)
	at org.gradle.process.internal.worker.child.SystemApplicationClassLoaderWorker.call(SystemApplicationClassLoaderWorker.java:71)
	at worker.org.gradle.process.internal.worker.GradleWorkerMain.run(GradleWorkerMain.java:69)
	at worker.org.gradle.process.internal.worker.GradleWorkerMain.main(GradleWorkerMain.java:74)
</failure>
  </testcase>
  <system-out><![CDATA[]]></system-out>
  <system-err><![CDATA[[Test worker] WARN net.thucydides.core.steps.BaseStepListener - stepStarted: net.thucydides.core.steps.ExecutedStepDescription@33352f32
[Test worker] WARN net.thucydides.core.steps.BaseStepListener - stepStarted: net.thucydides.core.steps.ExecutedStepDescription@834831b
[Test worker] WARN net.thucydides.core.steps.BaseStepListener - stepStarted: net.thucydides.core.steps.ExecutedStepDescription@1abc9f14
sep 01, 2022 11:52:46 PM org.openqa.selenium.remote.DesiredCapabilities chrome
INFORMACIÓN: Using `new ChromeOptions()` is preferred to `DesiredCapabilities.chrome()`
[Test worker] INFO net.serenitybdd.core.webdriver.driverproviders.ProvideNewDriver - Instantiating driver
[Test worker] INFO net.serenitybdd.core.webdriver.driverproviders.ProvideNewDriver - Driver capabilities: Capabilities {acceptInsecureCerts: false, browserName: chrome, chrome.switches: --start-maximized, goog:chromeOptions: {args: [--start-maximized], extensions: []}, loggingPrefs: org.openqa.selenium.logging..., platform: ANY, version: }
Starting ChromeDriver 104.0.5112.79 (3cf3e8c8a07d104b9e1260c910efb8f383285dc5-refs/branch-heads/5112@{#1307}) on port 14379
Only local connections are allowed.
Please see https://chromedriver.chromium.org/security-considerations for suggestions on keeping ChromeDriver safe.
ChromeDriver was started successfully.
[1662094434.439][WARNING]: This version of ChromeDriver has not been tested with Chrome version 105.
sep 01, 2022 11:53:59 PM org.openqa.selenium.remote.ProtocolHandshake createSession
INFORMACIÓN: Detected dialect: W3C
[Test worker] WARN net.thucydides.core.steps.BaseStepListener - stepFinished: current outcome:Register a new user in uTest:Given than Luisa wants to work independently in the testing area on the uTest platform [Luisa open up [Luisa opens the U test page]]
[1662094581.564][SEVERE]: Timed out receiving message from renderer: 10.000
[1662094581.565][WARNING]: screenshot failed, retrying timeout: Timed out receiving message from renderer: 10.000
[1662094591.576][SEVERE]: Timed out receiving message from renderer: 10.000
[Test worker] WARN net.thucydides.core.steps.BaseStepListener - stepFinished: current outcome:Register a new user in uTest:Given than Luisa wants to work independently in the testing area on the uTest platform [Luisa open up [Luisa opens the U test page]]
[Test worker] WARN net.thucydides.core.steps.BaseStepListener - stepStarted: net.thucydides.core.steps.ExecutedStepDescription@6ef60295
[Test worker] WARN net.thucydides.core.steps.BaseStepListener - stepStarted: net.thucydides.core.steps.ExecutedStepDescription@9301672
[Test worker] WARN net.thucydides.core.steps.BaseStepListener - stepFinished: current outcome:Register a new user in uTest:Given than Luisa wants to work independently in the testing area on the uTest platform [Luisa open up [Luisa opens the U test page], Luisa login [Luisa clicks on button that shows us the form to login]]
[1662094615.217][SEVERE]: Timed out receiving message from renderer: 10.000
[1662094615.218][WARNING]: screenshot failed, retrying timeout: Timed out receiving message from renderer: 10.000
[1662094625.227][SEVERE]: Timed out receiving message from renderer: 10.000
[1662094637.985][SEVERE]: Timed out receiving message from renderer: 10.000
[1662094637.985][WARNING]: screenshot failed, retrying timeout: Timed out receiving message from renderer: 10.000
[Test worker] WARN net.thucydides.core.steps.BaseStepListener - stepFinished: current outcome:Register a new user in uTest:Given than Luisa wants to work independently in the testing area on the uTest platform [Luisa open up [Luisa opens the U test page], Luisa login [Luisa clicks on button that shows us the form to login]]
[Test worker] WARN net.thucydides.core.steps.BaseStepListener - stepFinished: current outcome:Register a new user in uTest:Given than Luisa wants to work independently in the testing area on the uTest platform [Luisa open up [Luisa opens the U test page], Luisa login [Luisa clicks on button that shows us the form to login]]
[Test worker] WARN net.thucydides.core.steps.BaseStepListener - stepStarted: net.thucydides.core.steps.ExecutedStepDescription@1f939a0f
[Test worker] WARN net.thucydides.core.steps.BaseStepListener - stepStarted: net.thucydides.core.steps.ExecutedStepDescription@798dad3d
[Test worker] WARN net.thucydides.core.steps.BaseStepListener - stepStarted: net.thucydides.core.steps.ExecutedStepDescription@659f226a
[Test worker] WARN net.thucydides.core.steps.BaseStepListener - stepFinished: current outcome:Register a new user in uTest:Given than Luisa wants to work independently in the testing area on the uTest platform [Luisa open up [Luisa opens the U test page], Luisa login [Luisa clicks on button that shows us the form to login]], When she enters her data in the uTest registration form [Luisa form1 [Luisa enters 'Luisa Fernanda' into Write First Name]]
[Test worker] WARN net.thucydides.core.steps.BaseStepListener - stepStarted: net.thucydides.core.steps.ExecutedStepDescription@55b5cd2b
[Test worker] WARN net.thucydides.core.steps.BaseStepListener - stepFinished: current outcome:Register a new user in uTest:Given than Luisa wants to work independently in the testing area on the uTest platform [Luisa open up [Luisa opens the U test page], Luisa login [Luisa clicks on button that shows us the form to login]], When she enters her data in the uTest registration form [Luisa form1 [Luisa enters 'Luisa Fernanda' into Write First Name, Luisa enters 'Vega Camacho' into Write Last Name]]
[Test worker] WARN net.thucydides.core.steps.BaseStepListener - stepStarted: net.thucydides.core.steps.ExecutedStepDescription@343fddd9
[Test worker] WARN net.thucydides.core.steps.BaseStepListener - stepFinished: current outcome:Register a new user in uTest:Given than Luisa wants to work independently in the testing area on the uTest platform [Luisa open up [Luisa opens the U test page], Luisa login [Luisa clicks on button that shows us the form to login]], When she enters her data in the uTest registration form [Luisa form1 [Luisa enters 'Luisa Fernanda' into Write First Name, Luisa enters 'Vega Camacho' into Write Last Name, Luisa enters 'pruebitas9299@gmail.com' into Write Email Address]]
[Test worker] WARN net.thucydides.core.steps.BaseStepListener - stepStarted: net.thucydides.core.steps.ExecutedStepDescription@750a04ec
[Test worker] WARN net.thucydides.core.steps.BaseStepListener - stepFinished: current outcome:Register a new user in uTest:Given than Luisa wants to work independently in the testing area on the uTest platform [Luisa open up [Luisa opens the U test page], Luisa login [Luisa clicks on button that shows us the form to login]], When she enters her data in the uTest registration form [Luisa form1 [Luisa enters 'Luisa Fernanda' into Write First Name, Luisa enters 'Vega Camacho' into Write Last Name, Luisa enters 'pruebitas9299@gmail.com' into Write Email Address, Luisa clicks on Select Month Option]]
[Test worker] WARN net.thucydides.core.steps.BaseStepListener - stepStarted: net.thucydides.core.steps.ExecutedStepDescription@259b85d6
[Test worker] WARN net.thucydides.core.steps.BaseStepListener - stepFinished: current outcome:Register a new user in uTest:Given than Luisa wants to work independently in the testing area on the uTest platform [Luisa open up [Luisa opens the U test page], Luisa login [Luisa clicks on button that shows us the form to login]], When she enters her data in the uTest registration form [Luisa form1 [Luisa enters 'Luisa Fernanda' into Write First Name, Luisa enters 'Vega Camacho' into Write Last Name, Luisa enters 'pruebitas9299@gmail.com' into Write Email Address, Luisa clicks on Select Month Option, Luisa clicks on Select Day Option]]
[Test worker] WARN net.thucydides.core.steps.BaseStepListener - stepStarted: net.thucydides.core.steps.ExecutedStepDescription@327e5be5
[Test worker] WARN net.thucydides.core.steps.BaseStepListener - stepFinished: current outcome:Register a new user in uTest:Given than Luisa wants to work independently in the testing area on the uTest platform [Luisa open up [Luisa opens the U test page], Luisa login [Luisa clicks on button that shows us the form to login]], When she enters her data in the uTest registration form [Luisa form1 [Luisa enters 'Luisa Fernanda' into Write First Name, Luisa enters 'Vega Camacho' into Write Last Name, Luisa enters 'pruebitas9299@gmail.com' into Write Email Address, Luisa clicks on Select Month Option, Luisa clicks on Select Day Option, Luisa clicks on Select Year Option]]
[Test worker] WARN net.thucydides.core.steps.BaseStepListener - stepStarted: net.thucydides.core.steps.ExecutedStepDescription@43cb5f38
[Test worker] WARN net.thucydides.core.steps.BaseStepListener - stepFinished: current outcome:Register a new user in uTest:Given than Luisa wants to work independently in the testing area on the uTest platform [Luisa open up [Luisa opens the U test page], Luisa login [Luisa clicks on button that shows us the form to login]], When she enters her data in the uTest registration form [Luisa form1 [Luisa enters 'Luisa Fernanda' into Write First Name, Luisa enters 'Vega Camacho' into Write Last Name, Luisa enters 'pruebitas9299@gmail.com' into Write Email Address, Luisa clicks on Select Month Option, Luisa clicks on Select Day Option, Luisa clicks on Select Year Option, Luisa enters 'Spanish' into Select Language]]
[1662094658.690][SEVERE]: Timed out receiving message from renderer: 10.000
[1662094658.691][WARNING]: screenshot failed, retrying timeout: Timed out receiving message from renderer: 10.000
[Test worker] WARN net.thucydides.core.steps.BaseStepListener - stepStarted: net.thucydides.core.steps.ExecutedStepDescription@5cd96b41
[Test worker] WARN net.thucydides.core.steps.BaseStepListener - stepFinished: current outcome:Register a new user in uTest:Given than Luisa wants to work independently in the testing area on the uTest platform [Luisa open up [Luisa opens the U test page], Luisa login [Luisa clicks on button that shows us the form to login]], When she enters her data in the uTest registration form [Luisa form1 [Luisa enters 'Luisa Fernanda' into Write First Name, Luisa enters 'Vega Camacho' into Write Last Name, Luisa enters 'pruebitas9299@gmail.com' into Write Email Address, Luisa clicks on Select Month Option, Luisa clicks on Select Day Option, Luisa clicks on Select Year Option, Luisa enters 'Spanish' into Select Language, Luisa enters ENTER into Select Language]]
[Test worker] WARN net.thucydides.core.steps.BaseStepListener - stepStarted: net.thucydides.core.steps.ExecutedStepDescription@19c1820d
[Test worker] WARN net.thucydides.core.steps.BaseStepListener - stepFinished: current outcome:Register a new user in uTest:Given than Luisa wants to work independently in the testing area on the uTest platform [Luisa open up [Luisa opens the U test page], Luisa login [Luisa clicks on button that shows us the form to login]], When she enters her data in the uTest registration form [Luisa form1 [Luisa enters 'Luisa Fernanda' into Write First Name, Luisa enters 'Vega Camacho' into Write Last Name, Luisa enters 'pruebitas9299@gmail.com' into Write Email Address, Luisa clicks on Select Month Option, Luisa clicks on Select Day Option, Luisa clicks on Select Year Option, Luisa enters 'Spanish' into Select Language, Luisa enters ENTER into Select Language, Luisa clicks on Click in Button Next]]
[Test worker] WARN net.thucydides.core.steps.BaseStepListener - stepFinished: current outcome:Register a new user in uTest:Given than Luisa wants to work independently in the testing area on the uTest platform [Luisa open up [Luisa opens the U test page], Luisa login [Luisa clicks on button that shows us the form to login]], When she enters her data in the uTest registration form [Luisa form1 [Luisa enters 'Luisa Fernanda' into Write First Name, Luisa enters 'Vega Camacho' into Write Last Name, Luisa enters 'pruebitas9299@gmail.com' into Write Email Address, Luisa clicks on Select Month Option, Luisa clicks on Select Day Option, Luisa clicks on Select Year Option, Luisa enters 'Spanish' into Select Language, Luisa enters ENTER into Select Language, Luisa clicks on Click in Button Next]]
[Test worker] WARN net.thucydides.core.steps.BaseStepListener - stepStarted: net.thucydides.core.steps.ExecutedStepDescription@526e8108
[Test worker] WARN net.thucydides.core.steps.BaseStepListener - stepStarted: net.thucydides.core.steps.ExecutedStepDescription@12f279b5
[Test worker] WARN net.thucydides.core.steps.BaseStepListener - stepFinished: current outcome:Register a new user in uTest:Given than Luisa wants to work independently in the testing area on the uTest platform [Luisa open up [Luisa opens the U test page], Luisa login [Luisa clicks on button that shows us the form to login]], When she enters her data in the uTest registration form [Luisa form1 [Luisa enters 'Luisa Fernanda' into Write First Name, Luisa enters 'Vega Camacho' into Write Last Name, Luisa enters 'pruebitas9299@gmail.com' into Write Email Address, Luisa clicks on Select Month Option, Luisa clicks on Select Day Option, Luisa clicks on Select Year Option, Luisa enters 'Spanish' into Select Language, Luisa enters ENTER into Select Language, Luisa clicks on Click in Button Next], Luisa form2 [Luisa enters 'Bogota D.C' into City]]
[1662094677.842][SEVERE]: Timed out receiving message from renderer: 10.000
[1662094677.843][WARNING]: screenshot failed, retrying timeout: Timed out receiving message from renderer: 10.000
[Test worker] WARN net.thucydides.core.steps.BaseStepListener - stepStarted: net.thucydides.core.steps.ExecutedStepDescription@4391a2d8
[Test worker] WARN net.thucydides.core.steps.BaseStepListener - stepFinished: current outcome:Register a new user in uTest:Given than Luisa wants to work independently in the testing area on the uTest platform [Luisa open up [Luisa opens the U test page], Luisa login [Luisa clicks on button that shows us the form to login]], When she enters her data in the uTest registration form [Luisa form1 [Luisa enters 'Luisa Fernanda' into Write First Name, Luisa enters 'Vega Camacho' into Write Last Name, Luisa enters 'pruebitas9299@gmail.com' into Write Email Address, Luisa clicks on Select Month Option, Luisa clicks on Select Day Option, Luisa clicks on Select Year Option, Luisa enters 'Spanish' into Select Language, Luisa enters ENTER into Select Language, Luisa clicks on Click in Button Next], Luisa form2 [Luisa enters 'Bogota D.C' into City, Luisa enters ARROW_DOWN into City]]
[Test worker] WARN net.thucydides.core.steps.BaseStepListener - stepStarted: net.thucydides.core.steps.ExecutedStepDescription@1eb9a3ef
[Test worker] WARN net.thucydides.core.steps.BaseStepListener - stepFinished: current outcome:Register a new user in uTest:Given than Luisa wants to work independently in the testing area on the uTest platform [Luisa open up [Luisa opens the U test page], Luisa login [Luisa clicks on button that shows us the form to login]], When she enters her data in the uTest registration form [Luisa form1 [Luisa enters 'Luisa Fernanda' into Write First Name, Luisa enters 'Vega Camacho' into Write Last Name, Luisa enters 'pruebitas9299@gmail.com' into Write Email Address, Luisa clicks on Select Month Option, Luisa clicks on Select Day Option, Luisa clicks on Select Year Option, Luisa enters 'Spanish' into Select Language, Luisa enters ENTER into Select Language, Luisa clicks on Click in Button Next], Luisa form2 [Luisa enters 'Bogota D.C' into City, Luisa enters ARROW_DOWN into City, Luisa enters ENTER into City]]
[Test worker] WARN net.thucydides.core.steps.BaseStepListener - stepStarted: net.thucydides.core.steps.ExecutedStepDescription@390037e7
[Test worker] WARN net.thucydides.core.steps.BaseStepListener - stepFinished: current outcome:Register a new user in uTest:Given than Luisa wants to work independently in the testing area on the uTest platform [Luisa open up [Luisa opens the U test page], Luisa login [Luisa clicks on button that shows us the form to login]], When she enters her data in the uTest registration form [Luisa form1 [Luisa enters 'Luisa Fernanda' into Write First Name, Luisa enters 'Vega Camacho' into Write Last Name, Luisa enters 'pruebitas9299@gmail.com' into Write Email Address, Luisa clicks on Select Month Option, Luisa clicks on Select Day Option, Luisa clicks on Select Year Option, Luisa enters 'Spanish' into Select Language, Luisa enters ENTER into Select Language, Luisa clicks on Click in Button Next], Luisa form2 [Luisa enters 'Bogota D.C' into City, Luisa enters ARROW_DOWN into City, Luisa enters ENTER into City, Luisa enters '110821' into Postal]]
[Test worker] WARN net.thucydides.core.steps.BaseStepListener - stepStarted: net.thucydides.core.steps.ExecutedStepDescription@4d705112
[Test worker] WARN net.thucydides.core.steps.BaseStepListener - stepFinished: current outcome:Register a new user in uTest:Given than Luisa wants to work independently in the testing area on the uTest platform [Luisa open up [Luisa opens the U test page], Luisa login [Luisa clicks on button that shows us the form to login]], When she enters her data in the uTest registration form [Luisa form1 [Luisa enters 'Luisa Fernanda' into Write First Name, Luisa enters 'Vega Camacho' into Write Last Name, Luisa enters 'pruebitas9299@gmail.com' into Write Email Address, Luisa clicks on Select Month Option, Luisa clicks on Select Day Option, Luisa clicks on Select Year Option, Luisa enters 'Spanish' into Select Language, Luisa enters ENTER into Select Language, Luisa clicks on Click in Button Next], Luisa form2 [Luisa enters 'Bogota D.C' into City, Luisa enters ARROW_DOWN into City, Luisa enters ENTER into City, Luisa enters '110821' into Postal, Luisa clicks on Country]]
[Test worker] WARN net.thucydides.core.steps.BaseStepListener - stepStarted: net.thucydides.core.steps.ExecutedStepDescription@5382184b
[Test worker] WARN net.thucydides.core.steps.BaseStepListener - stepFinished: current outcome:Register a new user in uTest:Given than Luisa wants to work independently in the testing area on the uTest platform [Luisa open up [Luisa opens the U test page], Luisa login [Luisa clicks on button that shows us the form to login]], When she enters her data in the uTest registration form [Luisa form1 [Luisa enters 'Luisa Fernanda' into Write First Name, Luisa enters 'Vega Camacho' into Write Last Name, Luisa enters 'pruebitas9299@gmail.com' into Write Email Address, Luisa clicks on Select Month Option, Luisa clicks on Select Day Option, Luisa clicks on Select Year Option, Luisa enters 'Spanish' into Select Language, Luisa enters ENTER into Select Language, Luisa clicks on Click in Button Next], Luisa form2 [Luisa enters 'Bogota D.C' into City, Luisa enters ARROW_DOWN into City, Luisa enters ENTER into City, Luisa enters '110821' into Postal, Luisa clicks on Country, Luisa enters 'Colombia' into Country]]
[Test worker] WARN net.thucydides.core.steps.BaseStepListener - stepStarted: net.thucydides.core.steps.ExecutedStepDescription@6d6ac396
[Test worker] WARN net.thucydides.core.steps.BaseStepListener - stepFinished: current outcome:Register a new user in uTest:Given than Luisa wants to work independently in the testing area on the uTest platform [Luisa open up [Luisa opens the U test page], Luisa login [Luisa clicks on button that shows us the form to login]], When she enters her data in the uTest registration form [Luisa form1 [Luisa enters 'Luisa Fernanda' into Write First Name, Luisa enters 'Vega Camacho' into Write Last Name, Luisa enters 'pruebitas9299@gmail.com' into Write Email Address, Luisa clicks on Select Month Option, Luisa clicks on Select Day Option, Luisa clicks on Select Year Option, Luisa enters 'Spanish' into Select Language, Luisa enters ENTER into Select Language, Luisa clicks on Click in Button Next], Luisa form2 [Luisa enters 'Bogota D.C' into City, Luisa enters ARROW_DOWN into City, Luisa enters ENTER into City, Luisa enters '110821' into Postal, Luisa clicks on Country, Luisa enters 'Colombia' into Country, Luisa enters ENTER into Country]]
[Test worker] WARN net.thucydides.core.steps.BaseStepListener - stepStarted: net.thucydides.core.steps.ExecutedStepDescription@7f73ce28
[Test worker] WARN net.thucydides.core.steps.BaseStepListener - stepFinished: current outcome:Register a new user in uTest:Given than Luisa wants to work independently in the testing area on the uTest platform [Luisa open up [Luisa opens the U test page], Luisa login [Luisa clicks on button that shows us the form to login]], When she enters her data in the uTest registration form [Luisa form1 [Luisa enters 'Luisa Fernanda' into Write First Name, Luisa enters 'Vega Camacho' into Write Last Name, Luisa enters 'pruebitas9299@gmail.com' into Write Email Address, Luisa clicks on Select Month Option, Luisa clicks on Select Day Option, Luisa clicks on Select Year Option, Luisa enters 'Spanish' into Select Language, Luisa enters ENTER into Select Language, Luisa clicks on Click in Button Next], Luisa form2 [Luisa enters 'Bogota D.C' into City, Luisa enters ARROW_DOWN into City, Luisa enters ENTER into City, Luisa enters '110821' into Postal, Luisa clicks on Country, Luisa enters 'Colombia' into Country, Luisa enters ENTER into Country, Luisa clicks on Next Button]]
[Test worker] WARN net.thucydides.core.steps.BaseStepListener - stepFinished: current outcome:Register a new user in uTest:Given than Luisa wants to work independently in the testing area on the uTest platform [Luisa open up [Luisa opens the U test page], Luisa login [Luisa clicks on button that shows us the form to login]], When she enters her data in the uTest registration form [Luisa form1 [Luisa enters 'Luisa Fernanda' into Write First Name, Luisa enters 'Vega Camacho' into Write Last Name, Luisa enters 'pruebitas9299@gmail.com' into Write Email Address, Luisa clicks on Select Month Option, Luisa clicks on Select Day Option, Luisa clicks on Select Year Option, Luisa enters 'Spanish' into Select Language, Luisa enters ENTER into Select Language, Luisa clicks on Click in Button Next], Luisa form2 [Luisa enters 'Bogota D.C' into City, Luisa enters ARROW_DOWN into City, Luisa enters ENTER into City, Luisa enters '110821' into Postal, Luisa clicks on Country, Luisa enters 'Colombia' into Country, Luisa enters ENTER into Country, Luisa clicks on Next Button]]
[Test worker] WARN net.thucydides.core.steps.BaseStepListener - stepStarted: net.thucydides.core.steps.ExecutedStepDescription@61191222
[Test worker] WARN net.thucydides.core.steps.BaseStepListener - stepStarted: net.thucydides.core.steps.ExecutedStepDescription@4ea56bdb
[Test worker] WARN net.thucydides.core.steps.BaseStepListener - stepFinished: current outcome:Register a new user in uTest:Given than Luisa wants to work independently in the testing area on the uTest platform [Luisa open up [Luisa opens the U test page], Luisa login [Luisa clicks on button that shows us the form to login]], When she enters her data in the uTest registration form [Luisa form1 [Luisa enters 'Luisa Fernanda' into Write First Name, Luisa enters 'Vega Camacho' into Write Last Name, Luisa enters 'pruebitas9299@gmail.com' into Write Email Address, Luisa clicks on Select Month Option, Luisa clicks on Select Day Option, Luisa clicks on Select Year Option, Luisa enters 'Spanish' into Select Language, Luisa enters ENTER into Select Language, Luisa clicks on Click in Button Next], Luisa form2 [Luisa enters 'Bogota D.C' into City, Luisa enters ARROW_DOWN into City, Luisa enters ENTER into City, Luisa enters '110821' into Postal, Luisa clicks on Country, Luisa enters 'Colombia' into Country, Luisa enters ENTER into Country, Luisa clicks on Next Button], Luisa form3 [Luisa clicks on Select Your Mobile Device]]
[Test worker] WARN net.thucydides.core.steps.BaseStepListener - stepStarted: net.thucydides.core.steps.ExecutedStepDescription@15639d09
[Test worker] WARN net.thucydides.core.steps.BaseStepListener - stepFinished: current outcome:Register a new user in uTest:Given than Luisa wants to work independently in the testing area on the uTest platform [Luisa open up [Luisa opens the U test page], Luisa login [Luisa clicks on button that shows us the form to login]], When she enters her data in the uTest registration form [Luisa form1 [Luisa enters 'Luisa Fernanda' into Write First Name, Luisa enters 'Vega Camacho' into Write Last Name, Luisa enters 'pruebitas9299@gmail.com' into Write Email Address, Luisa clicks on Select Month Option, Luisa clicks on Select Day Option, Luisa clicks on Select Year Option, Luisa enters 'Spanish' into Select Language, Luisa enters ENTER into Select Language, Luisa clicks on Click in Button Next], Luisa form2 [Luisa enters 'Bogota D.C' into City, Luisa enters ARROW_DOWN into City, Luisa enters ENTER into City, Luisa enters '110821' into Postal, Luisa clicks on Country, Luisa enters 'Colombia' into Country, Luisa enters ENTER into Country, Luisa clicks on Next Button], Luisa form3 [Luisa clicks on Select Your Mobile Device, Luisa enters 'Apple' into Select Your Mobile Device]]
[Test worker] WARN net.thucydides.core.steps.BaseStepListener - stepStarted: net.thucydides.core.steps.ExecutedStepDescription@7b222230
[Test worker] WARN net.thucydides.core.steps.BaseStepListener - stepFinished: current outcome:Register a new user in uTest:Given than Luisa wants to work independently in the testing area on the uTest platform [Luisa open up [Luisa opens the U test page], Luisa login [Luisa clicks on button that shows us the form to login]], When she enters her data in the uTest registration form [Luisa form1 [Luisa enters 'Luisa Fernanda' into Write First Name, Luisa enters 'Vega Camacho' into Write Last Name, Luisa enters 'pruebitas9299@gmail.com' into Write Email Address, Luisa clicks on Select Month Option, Luisa clicks on Select Day Option, Luisa clicks on Select Year Option, Luisa enters 'Spanish' into Select Language, Luisa enters ENTER into Select Language, Luisa clicks on Click in Button Next], Luisa form2 [Luisa enters 'Bogota D.C' into City, Luisa enters ARROW_DOWN into City, Luisa enters ENTER into City, Luisa enters '110821' into Postal, Luisa clicks on Country, Luisa enters 'Colombia' into Country, Luisa enters ENTER into Country, Luisa clicks on Next Button], Luisa form3 [Luisa clicks on Select Your Mobile Device, Luisa enters 'Apple' into Select Your Mobile Device, Luisa enters ENTER into Select Your Mobile Device]]
[Test worker] WARN net.thucydides.core.steps.BaseStepListener - stepStarted: net.thucydides.core.steps.ExecutedStepDescription@51a16adf
[Test worker] WARN net.thucydides.core.steps.BaseStepListener - stepFinished: current outcome:Register a new user in uTest:Given than Luisa wants to work independently in the testing area on the uTest platform [Luisa open up [Luisa opens the U test page], Luisa login [Luisa clicks on button that shows us the form to login]], When she enters her data in the uTest registration form [Luisa form1 [Luisa enters 'Luisa Fernanda' into Write First Name, Luisa enters 'Vega Camacho' into Write Last Name, Luisa enters 'pruebitas9299@gmail.com' into Write Email Address, Luisa clicks on Select Month Option, Luisa clicks on Select Day Option, Luisa clicks on Select Year Option, Luisa enters 'Spanish' into Select Language, Luisa enters ENTER into Select Language, Luisa clicks on Click in Button Next], Luisa form2 [Luisa enters 'Bogota D.C' into City, Luisa enters ARROW_DOWN into City, Luisa enters ENTER into City, Luisa enters '110821' into Postal, Luisa clicks on Country, Luisa enters 'Colombia' into Country, Luisa enters ENTER into Country, Luisa clicks on Next Button], Luisa form3 [Luisa clicks on Select Your Mobile Device, Luisa enters 'Apple' into Select Your Mobile Device, Luisa enters ENTER into Select Your Mobile Device, Luisa clicks on Select Your Model]]
[Test worker] WARN net.thucydides.core.steps.BaseStepListener - stepStarted: net.thucydides.core.steps.ExecutedStepDescription@b950f82
[Test worker] WARN net.thucydides.core.steps.BaseStepListener - stepFinished: current outcome:Register a new user in uTest:Given than Luisa wants to work independently in the testing area on the uTest platform [Luisa open up [Luisa opens the U test page], Luisa login [Luisa clicks on button that shows us the form to login]], When she enters her data in the uTest registration form [Luisa form1 [Luisa enters 'Luisa Fernanda' into Write First Name, Luisa enters 'Vega Camacho' into Write Last Name, Luisa enters 'pruebitas9299@gmail.com' into Write Email Address, Luisa clicks on Select Month Option, Luisa clicks on Select Day Option, Luisa clicks on Select Year Option, Luisa enters 'Spanish' into Select Language, Luisa enters ENTER into Select Language, Luisa clicks on Click in Button Next], Luisa form2 [Luisa enters 'Bogota D.C' into City, Luisa enters ARROW_DOWN into City, Luisa enters ENTER into City, Luisa enters '110821' into Postal, Luisa clicks on Country, Luisa enters 'Colombia' into Country, Luisa enters ENTER into Country, Luisa clicks on Next Button], Luisa form3 [Luisa clicks on Select Your Mobile Device, Luisa enters 'Apple' into Select Your Mobile Device, Luisa enters ENTER into Select Your Mobile Device, Luisa clicks on Select Your Model, Luisa enters 'iPhone 7 Plus' into Select Your Model]]
[Test worker] WARN net.thucydides.core.steps.BaseStepListener - stepStarted: net.thucydides.core.steps.ExecutedStepDescription@6467ddc7
[Test worker] WARN net.thucydides.core.steps.BaseStepListener - stepFinished: current outcome:Register a new user in uTest:Given than Luisa wants to work independently in the testing area on the uTest platform [Luisa open up [Luisa opens the U test page], Luisa login [Luisa clicks on button that shows us the form to login]], When she enters her data in the uTest registration form [Luisa form1 [Luisa enters 'Luisa Fernanda' into Write First Name, Luisa enters 'Vega Camacho' into Write Last Name, Luisa enters 'pruebitas9299@gmail.com' into Write Email Address, Luisa clicks on Select Month Option, Luisa clicks on Select Day Option, Luisa clicks on Select Year Option, Luisa enters 'Spanish' into Select Language, Luisa enters ENTER into Select Language, Luisa clicks on Click in Button Next], Luisa form2 [Luisa enters 'Bogota D.C' into City, Luisa enters ARROW_DOWN into City, Luisa enters ENTER into City, Luisa enters '110821' into Postal, Luisa clicks on Country, Luisa enters 'Colombia' into Country, Luisa enters ENTER into Country, Luisa clicks on Next Button], Luisa form3 [Luisa clicks on Select Your Mobile Device, Luisa enters 'Apple' into Select Your Mobile Device, Luisa enters ENTER into Select Your Mobile Device, Luisa clicks on Select Your Model, Luisa enters 'iPhone 7 Plus' into Select Your Model, Luisa enters ENTER into Select Your Model]]
[Test worker] WARN net.thucydides.core.steps.BaseStepListener - stepStarted: net.thucydides.core.steps.ExecutedStepDescription@437bd805
[Test worker] WARN net.thucydides.core.steps.BaseStepListener - stepFinished: current outcome:Register a new user in uTest:Given than Luisa wants to work independently in the testing area on the uTest platform [Luisa open up [Luisa opens the U test page], Luisa login [Luisa clicks on button that shows us the form to login]], When she enters her data in the uTest registration form [Luisa form1 [Luisa enters 'Luisa Fernanda' into Write First Name, Luisa enters 'Vega Camacho' into Write Last Name, Luisa enters 'pruebitas9299@gmail.com' into Write Email Address, Luisa clicks on Select Month Option, Luisa clicks on Select Day Option, Luisa clicks on Select Year Option, Luisa enters 'Spanish' into Select Language, Luisa enters ENTER into Select Language, Luisa clicks on Click in Button Next], Luisa form2 [Luisa enters 'Bogota D.C' into City, Luisa enters ARROW_DOWN into City, Luisa enters ENTER into City, Luisa enters '110821' into Postal, Luisa clicks on Country, Luisa enters 'Colombia' into Country, Luisa enters ENTER into Country, Luisa clicks on Next Button], Luisa form3 [Luisa clicks on Select Your Mobile Device, Luisa enters 'Apple' into Select Your Mobile Device, Luisa enters ENTER into Select Your Mobile Device, Luisa clicks on Select Your Model, Luisa enters 'iPhone 7 Plus' into Select Your Model, Luisa enters ENTER into Select Your Model, Luisa clicks on Select Your SO]]
[Test worker] WARN net.thucydides.core.steps.BaseStepListener - stepStarted: net.thucydides.core.steps.ExecutedStepDescription@55e1192
[Test worker] WARN net.thucydides.core.steps.BaseStepListener - stepFinished: current outcome:Register a new user in uTest:Given than Luisa wants to work independently in the testing area on the uTest platform [Luisa open up [Luisa opens the U test page], Luisa login [Luisa clicks on button that shows us the form to login]], When she enters her data in the uTest registration form [Luisa form1 [Luisa enters 'Luisa Fernanda' into Write First Name, Luisa enters 'Vega Camacho' into Write Last Name, Luisa enters 'pruebitas9299@gmail.com' into Write Email Address, Luisa clicks on Select Month Option, Luisa clicks on Select Day Option, Luisa clicks on Select Year Option, Luisa enters 'Spanish' into Select Language, Luisa enters ENTER into Select Language, Luisa clicks on Click in Button Next], Luisa form2 [Luisa enters 'Bogota D.C' into City, Luisa enters ARROW_DOWN into City, Luisa enters ENTER into City, Luisa enters '110821' into Postal, Luisa clicks on Country, Luisa enters 'Colombia' into Country, Luisa enters ENTER into Country, Luisa clicks on Next Button], Luisa form3 [Luisa clicks on Select Your Mobile Device, Luisa enters 'Apple' into Select Your Mobile Device, Luisa enters ENTER into Select Your Mobile Device, Luisa clicks on Select Your Model, Luisa enters 'iPhone 7 Plus' into Select Your Model, Luisa enters ENTER into Select Your Model, Luisa clicks on Select Your SO, Luisa enters 'iOS 10.0' into Select Your SO]]
[Test worker] WARN net.thucydides.core.steps.BaseStepListener - stepStarted: net.thucydides.core.steps.ExecutedStepDescription@4776e209
[Test worker] WARN net.thucydides.core.steps.BaseStepListener - stepFinished: current outcome:Register a new user in uTest:Given than Luisa wants to work independently in the testing area on the uTest platform [Luisa open up [Luisa opens the U test page], Luisa login [Luisa clicks on button that shows us the form to login]], When she enters her data in the uTest registration form [Luisa form1 [Luisa enters 'Luisa Fernanda' into Write First Name, Luisa enters 'Vega Camacho' into Write Last Name, Luisa enters 'pruebitas9299@gmail.com' into Write Email Address, Luisa clicks on Select Month Option, Luisa clicks on Select Day Option, Luisa clicks on Select Year Option, Luisa enters 'Spanish' into Select Language, Luisa enters ENTER into Select Language, Luisa clicks on Click in Button Next], Luisa form2 [Luisa enters 'Bogota D.C' into City, Luisa enters ARROW_DOWN into City, Luisa enters ENTER into City, Luisa enters '110821' into Postal, Luisa clicks on Country, Luisa enters 'Colombia' into Country, Luisa enters ENTER into Country, Luisa clicks on Next Button], Luisa form3 [Luisa clicks on Select Your Mobile Device, Luisa enters 'Apple' into Select Your Mobile Device, Luisa enters ENTER into Select Your Mobile Device, Luisa clicks on Select Your Model, Luisa enters 'iPhone 7 Plus' into Select Your Model, Luisa enters ENTER into Select Your Model, Luisa clicks on Select Your SO, Luisa enters 'iOS 10.0' into Select Your SO, Luisa enters ENTER into Select Your SO]]
[Test worker] WARN net.thucydides.core.steps.BaseStepListener - stepStarted: net.thucydides.core.steps.ExecutedStepDescription@110e9982
[Test worker] WARN net.thucydides.core.steps.BaseStepListener - stepFinished: current outcome:Register a new user in uTest:Given than Luisa wants to work independently in the testing area on the uTest platform [Luisa open up [Luisa opens the U test page], Luisa login [Luisa clicks on button that shows us the form to login]], When she enters her data in the uTest registration form [Luisa form1 [Luisa enters 'Luisa Fernanda' into Write First Name, Luisa enters 'Vega Camacho' into Write Last Name, Luisa enters 'pruebitas9299@gmail.com' into Write Email Address, Luisa clicks on Select Month Option, Luisa clicks on Select Day Option, Luisa clicks on Select Year Option, Luisa enters 'Spanish' into Select Language, Luisa enters ENTER into Select Language, Luisa clicks on Click in Button Next], Luisa form2 [Luisa enters 'Bogota D.C' into City, Luisa enters ARROW_DOWN into City, Luisa enters ENTER into City, Luisa enters '110821' into Postal, Luisa clicks on Country, Luisa enters 'Colombia' into Country, Luisa enters ENTER into Country, Luisa clicks on Next Button], Luisa form3 [Luisa clicks on Select Your Mobile Device, Luisa enters 'Apple' into Select Your Mobile Device, Luisa enters ENTER into Select Your Mobile Device, Luisa clicks on Select Your Model, Luisa enters 'iPhone 7 Plus' into Select Your Model, Luisa enters ENTER into Select Your Model, Luisa clicks on Select Your SO, Luisa enters 'iOS 10.0' into Select Your SO, Luisa enters ENTER into Select Your SO, Luisa clicks on Next Button]]
[Test worker] WARN net.thucydides.core.steps.BaseStepListener - stepFinished: current outcome:Register a new user in uTest:Given than Luisa wants to work independently in the testing area on the uTest platform [Luisa open up [Luisa opens the U test page], Luisa login [Luisa clicks on button that shows us the form to login]], When she enters her data in the uTest registration form [Luisa form1 [Luisa enters 'Luisa Fernanda' into Write First Name, Luisa enters 'Vega Camacho' into Write Last Name, Luisa enters 'pruebitas9299@gmail.com' into Write Email Address, Luisa clicks on Select Month Option, Luisa clicks on Select Day Option, Luisa clicks on Select Year Option, Luisa enters 'Spanish' into Select Language, Luisa enters ENTER into Select Language, Luisa clicks on Click in Button Next], Luisa form2 [Luisa enters 'Bogota D.C' into City, Luisa enters ARROW_DOWN into City, Luisa enters ENTER into City, Luisa enters '110821' into Postal, Luisa clicks on Country, Luisa enters 'Colombia' into Country, Luisa enters ENTER into Country, Luisa clicks on Next Button], Luisa form3 [Luisa clicks on Select Your Mobile Device, Luisa enters 'Apple' into Select Your Mobile Device, Luisa enters ENTER into Select Your Mobile Device, Luisa clicks on Select Your Model, Luisa enters 'iPhone 7 Plus' into Select Your Model, Luisa enters ENTER into Select Your Model, Luisa clicks on Select Your SO, Luisa enters 'iOS 10.0' into Select Your SO, Luisa enters ENTER into Select Your SO, Luisa clicks on Next Button]]
[Test worker] WARN net.thucydides.core.steps.BaseStepListener - stepStarted: net.thucydides.core.steps.ExecutedStepDescription@548e43b1
[Test worker] WARN net.thucydides.core.steps.BaseStepListener - stepStarted: net.thucydides.core.steps.ExecutedStepDescription@7926352f
[Test worker] WARN net.thucydides.core.steps.BaseStepListener - stepFinished: current outcome:Register a new user in uTest:Given than Luisa wants to work independently in the testing area on the uTest platform [Luisa open up [Luisa opens the U test page], Luisa login [Luisa clicks on button that shows us the form to login]], When she enters her data in the uTest registration form [Luisa form1 [Luisa enters 'Luisa Fernanda' into Write First Name, Luisa enters 'Vega Camacho' into Write Last Name, Luisa enters 'pruebitas9299@gmail.com' into Write Email Address, Luisa clicks on Select Month Option, Luisa clicks on Select Day Option, Luisa clicks on Select Year Option, Luisa enters 'Spanish' into Select Language, Luisa enters ENTER into Select Language, Luisa clicks on Click in Button Next], Luisa form2 [Luisa enters 'Bogota D.C' into City, Luisa enters ARROW_DOWN into City, Luisa enters ENTER into City, Luisa enters '110821' into Postal, Luisa clicks on Country, Luisa enters 'Colombia' into Country, Luisa enters ENTER into Country, Luisa clicks on Next Button], Luisa form3 [Luisa clicks on Select Your Mobile Device, Luisa enters 'Apple' into Select Your Mobile Device, Luisa enters ENTER into Select Your Mobile Device, Luisa clicks on Select Your Model, Luisa enters 'iPhone 7 Plus' into Select Your Model, Luisa enters ENTER into Select Your Model, Luisa clicks on Select Your SO, Luisa enters 'iOS 10.0' into Select Your SO, Luisa enters ENTER into Select Your SO, Luisa clicks on Next Button], Luisa form4 [Luisa enters 'Choucair2022*' into Password]]
[Test worker] WARN net.thucydides.core.steps.BaseStepListener - stepStarted: net.thucydides.core.steps.ExecutedStepDescription@45d56062
[Test worker] WARN net.thucydides.core.steps.BaseStepListener - stepFinished: current outcome:Register a new user in uTest:Given than Luisa wants to work independently in the testing area on the uTest platform [Luisa open up [Luisa opens the U test page], Luisa login [Luisa clicks on button that shows us the form to login]], When she enters her data in the uTest registration form [Luisa form1 [Luisa enters 'Luisa Fernanda' into Write First Name, Luisa enters 'Vega Camacho' into Write Last Name, Luisa enters 'pruebitas9299@gmail.com' into Write Email Address, Luisa clicks on Select Month Option, Luisa clicks on Select Day Option, Luisa clicks on Select Year Option, Luisa enters 'Spanish' into Select Language, Luisa enters ENTER into Select Language, Luisa clicks on Click in Button Next], Luisa form2 [Luisa enters 'Bogota D.C' into City, Luisa enters ARROW_DOWN into City, Luisa enters ENTER into City, Luisa enters '110821' into Postal, Luisa clicks on Country, Luisa enters 'Colombia' into Country, Luisa enters ENTER into Country, Luisa clicks on Next Button], Luisa form3 [Luisa clicks on Select Your Mobile Device, Luisa enters 'Apple' into Select Your Mobile Device, Luisa enters ENTER into Select Your Mobile Device, Luisa clicks on Select Your Model, Luisa enters 'iPhone 7 Plus' into Select Your Model, Luisa enters ENTER into Select Your Model, Luisa clicks on Select Your SO, Luisa enters 'iOS 10.0' into Select Your SO, Luisa enters ENTER into Select Your SO, Luisa clicks on Next Button], Luisa form4 [Luisa enters 'Choucair2022*' into Password, Luisa enters 'Choucair2022*' into Confirm Password]]
[Test worker] WARN net.thucydides.core.steps.BaseStepListener - stepStarted: net.thucydides.core.steps.ExecutedStepDescription@764fffa0
[Test worker] WARN net.thucydides.core.steps.BaseStepListener - stepFinished: current outcome:Register a new user in uTest:Given than Luisa wants to work independently in the testing area on the uTest platform [Luisa open up [Luisa opens the U test page], Luisa login [Luisa clicks on button that shows us the form to login]], When she enters her data in the uTest registration form [Luisa form1 [Luisa enters 'Luisa Fernanda' into Write First Name, Luisa enters 'Vega Camacho' into Write Last Name, Luisa enters 'pruebitas9299@gmail.com' into Write Email Address, Luisa clicks on Select Month Option, Luisa clicks on Select Day Option, Luisa clicks on Select Year Option, Luisa enters 'Spanish' into Select Language, Luisa enters ENTER into Select Language, Luisa clicks on Click in Button Next], Luisa form2 [Luisa enters 'Bogota D.C' into City, Luisa enters ARROW_DOWN into City, Luisa enters ENTER into City, Luisa enters '110821' into Postal, Luisa clicks on Country, Luisa enters 'Colombia' into Country, Luisa enters ENTER into Country, Luisa clicks on Next Button], Luisa form3 [Luisa clicks on Select Your Mobile Device, Luisa enters 'Apple' into Select Your Mobile Device, Luisa enters ENTER into Select Your Mobile Device, Luisa clicks on Select Your Model, Luisa enters 'iPhone 7 Plus' into Select Your Model, Luisa enters ENTER into Select Your Model, Luisa clicks on Select Your SO, Luisa enters 'iOS 10.0' into Select Your SO, Luisa enters ENTER into Select Your SO, Luisa clicks on Next Button], Luisa form4 [Luisa enters 'Choucair2022*' into Password, Luisa enters 'Choucair2022*' into Confirm Password, Luisa clicks on Stay_informed check]]
[Test worker] WARN net.thucydides.core.steps.BaseStepListener - stepStarted: net.thucydides.core.steps.ExecutedStepDescription@4a864d4d
[Test worker] WARN net.thucydides.core.steps.BaseStepListener - stepFinished: current outcome:Register a new user in uTest:Given than Luisa wants to work independently in the testing area on the uTest platform [Luisa open up [Luisa opens the U test page], Luisa login [Luisa clicks on button that shows us the form to login]], When she enters her data in the uTest registration form [Luisa form1 [Luisa enters 'Luisa Fernanda' into Write First Name, Luisa enters 'Vega Camacho' into Write Last Name, Luisa enters 'pruebitas9299@gmail.com' into Write Email Address, Luisa clicks on Select Month Option, Luisa clicks on Select Day Option, Luisa clicks on Select Year Option, Luisa enters 'Spanish' into Select Language, Luisa enters ENTER into Select Language, Luisa clicks on Click in Button Next], Luisa form2 [Luisa enters 'Bogota D.C' into City, Luisa enters ARROW_DOWN into City, Luisa enters ENTER into City, Luisa enters '110821' into Postal, Luisa clicks on Country, Luisa enters 'Colombia' into Country, Luisa enters ENTER into Country, Luisa clicks on Next Button], Luisa form3 [Luisa clicks on Select Your Mobile Device, Luisa enters 'Apple' into Select Your Mobile Device, Luisa enters ENTER into Select Your Mobile Device, Luisa clicks on Select Your Model, Luisa enters 'iPhone 7 Plus' into Select Your Model, Luisa enters ENTER into Select Your Model, Luisa clicks on Select Your SO, Luisa enters 'iOS 10.0' into Select Your SO, Luisa enters ENTER into Select Your SO, Luisa clicks on Next Button], Luisa form4 [Luisa enters 'Choucair2022*' into Password, Luisa enters 'Choucair2022*' into Confirm Password, Luisa clicks on Stay_informed check, Luisa clicks on Terms use check]]
[Test worker] WARN net.thucydides.core.steps.BaseStepListener - stepStarted: net.thucydides.core.steps.ExecutedStepDescription@448c92fc
[Test worker] WARN net.thucydides.core.steps.BaseStepListener - stepFinished: current outcome:Register a new user in uTest:Given than Luisa wants to work independently in the testing area on the uTest platform [Luisa open up [Luisa opens the U test page], Luisa login [Luisa clicks on button that shows us the form to login]], When she enters her data in the uTest registration form [Luisa form1 [Luisa enters 'Luisa Fernanda' into Write First Name, Luisa enters 'Vega Camacho' into Write Last Name, Luisa enters 'pruebitas9299@gmail.com' into Write Email Address, Luisa clicks on Select Month Option, Luisa clicks on Select Day Option, Luisa clicks on Select Year Option, Luisa enters 'Spanish' into Select Language, Luisa enters ENTER into Select Language, Luisa clicks on Click in Button Next], Luisa form2 [Luisa enters 'Bogota D.C' into City, Luisa enters ARROW_DOWN into City, Luisa enters ENTER into City, Luisa enters '110821' into Postal, Luisa clicks on Country, Luisa enters 'Colombia' into Country, Luisa enters ENTER into Country, Luisa clicks on Next Button], Luisa form3 [Luisa clicks on Select Your Mobile Device, Luisa enters 'Apple' into Select Your Mobile Device, Luisa enters ENTER into Select Your Mobile Device, Luisa clicks on Select Your Model, Luisa enters 'iPhone 7 Plus' into Select Your Model, Luisa enters ENTER into Select Your Model, Luisa clicks on Select Your SO, Luisa enters 'iOS 10.0' into Select Your SO, Luisa enters ENTER into Select Your SO, Luisa clicks on Next Button], Luisa form4 [Luisa enters 'Choucair2022*' into Password, Luisa enters 'Choucair2022*' into Confirm Password, Luisa clicks on Stay_informed check, Luisa clicks on Terms use check, Luisa clicks on Privacity security check]]
[Test worker] WARN net.thucydides.core.steps.BaseStepListener - stepStarted: net.thucydides.core.steps.ExecutedStepDescription@2fd39436
[Test worker] WARN net.thucydides.core.steps.BaseStepListener - stepFinished: current outcome:Register a new user in uTest:Given than Luisa wants to work independently in the testing area on the uTest platform [Luisa open up [Luisa opens the U test page], Luisa login [Luisa clicks on button that shows us the form to login]], When she enters her data in the uTest registration form [Luisa form1 [Luisa enters 'Luisa Fernanda' into Write First Name, Luisa enters 'Vega Camacho' into Write Last Name, Luisa enters 'pruebitas9299@gmail.com' into Write Email Address, Luisa clicks on Select Month Option, Luisa clicks on Select Day Option, Luisa clicks on Select Year Option, Luisa enters 'Spanish' into Select Language, Luisa enters ENTER into Select Language, Luisa clicks on Click in Button Next], Luisa form2 [Luisa enters 'Bogota D.C' into City, Luisa enters ARROW_DOWN into City, Luisa enters ENTER into City, Luisa enters '110821' into Postal, Luisa clicks on Country, Luisa enters 'Colombia' into Country, Luisa enters ENTER into Country, Luisa clicks on Next Button], Luisa form3 [Luisa clicks on Select Your Mobile Device, Luisa enters 'Apple' into Select Your Mobile Device, Luisa enters ENTER into Select Your Mobile Device, Luisa clicks on Select Your Model, Luisa enters 'iPhone 7 Plus' into Select Your Model, Luisa enters ENTER into Select Your Model, Luisa clicks on Select Your SO, Luisa enters 'iOS 10.0' into Select Your SO, Luisa enters ENTER into Select Your SO, Luisa clicks on Next Button], Luisa form4 [Luisa enters 'Choucair2022*' into Password, Luisa enters 'Choucair2022*' into Confirm Password, Luisa clicks on Stay_informed check, Luisa clicks on Terms use check, Luisa clicks on Privacity security check, Luisa clicks on Button]]
[Test worker] WARN net.thucydides.core.steps.BaseStepListener - stepFinished: current outcome:Register a new user in uTest:Given than Luisa wants to work independently in the testing area on the uTest platform [Luisa open up [Luisa opens the U test page], Luisa login [Luisa clicks on button that shows us the form to login]], When she enters her data in the uTest registration form [Luisa form1 [Luisa enters 'Luisa Fernanda' into Write First Name, Luisa enters 'Vega Camacho' into Write Last Name, Luisa enters 'pruebitas9299@gmail.com' into Write Email Address, Luisa clicks on Select Month Option, Luisa clicks on Select Day Option, Luisa clicks on Select Year Option, Luisa enters 'Spanish' into Select Language, Luisa enters ENTER into Select Language, Luisa clicks on Click in Button Next], Luisa form2 [Luisa enters 'Bogota D.C' into City, Luisa enters ARROW_DOWN into City, Luisa enters ENTER into City, Luisa enters '110821' into Postal, Luisa clicks on Country, Luisa enters 'Colombia' into Country, Luisa enters ENTER into Country, Luisa clicks on Next Button], Luisa form3 [Luisa clicks on Select Your Mobile Device, Luisa enters 'Apple' into Select Your Mobile Device, Luisa enters ENTER into Select Your Mobile Device, Luisa clicks on Select Your Model, Luisa enters 'iPhone 7 Plus' into Select Your Model, Luisa enters ENTER into Select Your Model, Luisa clicks on Select Your SO, Luisa enters 'iOS 10.0' into Select Your SO, Luisa enters ENTER into Select Your SO, Luisa clicks on Next Button], Luisa form4 [Luisa enters 'Choucair2022*' into Password, Luisa enters 'Choucair2022*' into Confirm Password, Luisa clicks on Stay_informed check, Luisa clicks on Terms use check, Luisa clicks on Privacity security check, Luisa clicks on Button]]
[Test worker] WARN net.thucydides.core.steps.BaseStepListener - stepFinished: current outcome:Register a new user in uTest:Given than Luisa wants to work independently in the testing area on the uTest platform [Luisa open up [Luisa opens the U test page], Luisa login [Luisa clicks on button that shows us the form to login]], When she enters her data in the uTest registration form [Luisa form1 [Luisa enters 'Luisa Fernanda' into Write First Name, Luisa enters 'Vega Camacho' into Write Last Name, Luisa enters 'pruebitas9299@gmail.com' into Write Email Address, Luisa clicks on Select Month Option, Luisa clicks on Select Day Option, Luisa clicks on Select Year Option, Luisa enters 'Spanish' into Select Language, Luisa enters ENTER into Select Language, Luisa clicks on Click in Button Next], Luisa form2 [Luisa enters 'Bogota D.C' into City, Luisa enters ARROW_DOWN into City, Luisa enters ENTER into City, Luisa enters '110821' into Postal, Luisa clicks on Country, Luisa enters 'Colombia' into Country, Luisa enters ENTER into Country, Luisa clicks on Next Button], Luisa form3 [Luisa clicks on Select Your Mobile Device, Luisa enters 'Apple' into Select Your Mobile Device, Luisa enters ENTER into Select Your Mobile Device, Luisa clicks on Select Your Model, Luisa enters 'iPhone 7 Plus' into Select Your Model, Luisa enters ENTER into Select Your Model, Luisa clicks on Select Your SO, Luisa enters 'iOS 10.0' into Select Your SO, Luisa enters ENTER into Select Your SO, Luisa clicks on Next Button], Luisa form4 [Luisa enters 'Choucair2022*' into Password, Luisa enters 'Choucair2022*' into Confirm Password, Luisa clicks on Stay_informed check, Luisa clicks on Terms use check, Luisa clicks on Privacity security check, Luisa clicks on Button]]
[Test worker] WARN net.thucydides.core.steps.BaseStepListener - stepStarted: net.thucydides.core.steps.ExecutedStepDescription@66f5b8fe
[Test worker] WARN net.thucydides.core.steps.BaseStepListener - testFinished: Register a new user in uTest:Given than Luisa wants to work independently in the testing area on the uTest platform [Luisa open up [Luisa opens the U test page], Luisa login [Luisa clicks on button that shows us the form to login]], When she enters her data in the uTest registration form [Luisa form1 [Luisa enters 'Luisa Fernanda' into Write First Name, Luisa enters 'Vega Camacho' into Write Last Name, Luisa enters 'pruebitas9299@gmail.com' into Write Email Address, Luisa clicks on Select Month Option, Luisa clicks on Select Day Option, Luisa clicks on Select Year Option, Luisa enters 'Spanish' into Select Language, Luisa enters ENTER into Select Language, Luisa clicks on Click in Button Next], Luisa form2 [Luisa enters 'Bogota D.C' into City, Luisa enters ARROW_DOWN into City, Luisa enters ENTER into City, Luisa enters '110821' into Postal, Luisa clicks on Country, Luisa enters 'Colombia' into Country, Luisa enters ENTER into Country, Luisa clicks on Next Button], Luisa form3 [Luisa clicks on Select Your Mobile Device, Luisa enters 'Apple' into Select Your Mobile Device, Luisa enters ENTER into Select Your Mobile Device, Luisa clicks on Select Your Model, Luisa enters 'iPhone 7 Plus' into Select Your Model, Luisa enters ENTER into Select Your Model, Luisa clicks on Select Your SO, Luisa enters 'iOS 10.0' into Select Your SO, Luisa enters ENTER into Select Your SO, Luisa clicks on Next Button], Luisa form4 [Luisa enters 'Choucair2022*' into Password, Luisa enters 'Choucair2022*' into Confirm Password, Luisa clicks on Stay_informed check, Luisa clicks on Terms use check, Luisa clicks on Privacity security check, Luisa clicks on Button]], Then she finishes by clicking register
[Test worker] WARN net.thucydides.core.steps.BaseStepListener - TestOutcomes: [Register a new user in uTest:Given than Luisa wants to work independently in the testing area on the uTest platform [Luisa open up [Luisa opens the U test page], Luisa login [Luisa clicks on button that shows us the form to login]], When she enters her data in the uTest registration form [Luisa form1 [Luisa enters 'Luisa Fernanda' into Write First Name, Luisa enters 'Vega Camacho' into Write Last Name, Luisa enters 'pruebitas9299@gmail.com' into Write Email Address, Luisa clicks on Select Month Option, Luisa clicks on Select Day Option, Luisa clicks on Select Year Option, Luisa enters 'Spanish' into Select Language, Luisa enters ENTER into Select Language, Luisa clicks on Click in Button Next], Luisa form2 [Luisa enters 'Bogota D.C' into City, Luisa enters ARROW_DOWN into City, Luisa enters ENTER into City, Luisa enters '110821' into Postal, Luisa clicks on Country, Luisa enters 'Colombia' into Country, Luisa enters ENTER into Country, Luisa clicks on Next Button], Luisa form3 [Luisa clicks on Select Your Mobile Device, Luisa enters 'Apple' into Select Your Mobile Device, Luisa enters ENTER into Select Your Mobile Device, Luisa clicks on Select Your Model, Luisa enters 'iPhone 7 Plus' into Select Your Model, Luisa enters ENTER into Select Your Model, Luisa clicks on Select Your SO, Luisa enters 'iOS 10.0' into Select Your SO, Luisa enters ENTER into Select Your SO, Luisa clicks on Next Button], Luisa form4 [Luisa enters 'Choucair2022*' into Password, Luisa enters 'Choucair2022*' into Confirm Password, Luisa clicks on Stay_informed check, Luisa clicks on Terms use check, Luisa clicks on Privacity security check, Luisa clicks on Button]], Then she finishes by clicking register]
[Test worker] WARN net.thucydides.core.steps.BaseStepListener - Final testOutcomes: [Register a new user in uTest:Given than Luisa wants to work independently in the testing area on the uTest platform [Luisa open up [Luisa opens the U test page], Luisa login [Luisa clicks on button that shows us the form to login]], When she enters her data in the uTest registration form [Luisa form1 [Luisa enters 'Luisa Fernanda' into Write First Name, Luisa enters 'Vega Camacho' into Write Last Name, Luisa enters 'pruebitas9299@gmail.com' into Write Email Address, Luisa clicks on Select Month Option, Luisa clicks on Select Day Option, Luisa clicks on Select Year Option, Luisa enters 'Spanish' into Select Language, Luisa enters ENTER into Select Language, Luisa clicks on Click in Button Next], Luisa form2 [Luisa enters 'Bogota D.C' into City, Luisa enters ARROW_DOWN into City, Luisa enters ENTER into City, Luisa enters '110821' into Postal, Luisa clicks on Country, Luisa enters 'Colombia' into Country, Luisa enters ENTER into Country, Luisa clicks on Next Button], Luisa form3 [Luisa clicks on Select Your Mobile Device, Luisa enters 'Apple' into Select Your Mobile Device, Luisa enters ENTER into Select Your Mobile Device, Luisa clicks on Select Your Model, Luisa enters 'iPhone 7 Plus' into Select Your Model, Luisa enters ENTER into Select Your Model, Luisa clicks on Select Your SO, Luisa enters 'iOS 10.0' into Select Your SO, Luisa enters ENTER into Select Your SO, Luisa clicks on Next Button], Luisa form4 [Luisa enters 'Choucair2022*' into Password, Luisa enters 'Choucair2022*' into Confirm Password, Luisa clicks on Stay_informed check, Luisa clicks on Terms use check, Luisa clicks on Privacity security check, Luisa clicks on Button]], Then she finishes by clicking register]
[Test worker] ERROR net.thucydides.core.steps.ConsoleLoggingListener - 
           __  _____ _____ ____ _____   _____ _    ___ _     _____ ____  
  _       / / |_   _| ____/ ___|_   _| |  ___/ \  |_ _| |   | ____|  _ \ 
 (_)_____| |    | | |  _| \___ \ | |   | |_ / _ \  | || |   |  _| | | | |
  _|_____| |    | | | |___ ___) || |   |  _/ ___ \ | || |___| |___| |_| |
 (_)     | |    |_| |_____|____/ |_|   |_|/_/   \_\___|_____|_____|____/ 
          \_\                                                            

TEST FAILED WITH ERROR: Register a new user in uTest
---------------------------------------------------------------------
[Test worker] ERROR net.thucydides.core.steps.ConsoleLoggingListener - TEST FAILED AT STEP Then she finishes by clicking register
[Test worker] ERROR net.thucydides.core.steps.ConsoleLoggingListener - Arity mismatch: Step Definition 'co.com.utest.automation.stepdefinitions.utestStepDefinitions.sheFinishesByClickingRegister() in file:/C:/Users/USUARIO/Desktop/Reto%20Técnico%20de%20Automatización/co.com.utest.automation/build/classes/java/test/' with pattern [^she finishes by clicking register(.*)$] is declared with 0 parameters. However, the gherkin step has 1 arguments []. 
]]></system-err>
</testsuite>
